<?xml version="1.0" encoding="UTF-8"?>
<testsuite xmlns:xsi="http://www.w3.org/2001/XMLSchema-instance" xsi:noNamespaceSchemaLocation="https://maven.apache.org/surefire/maven-surefire-plugin/xsd/surefire-test-report-3.0.xsd" version="3.0" name="com.example.microservices_auth.JwtSecretMakerTest" time="0.198" tests="1" errors="0" skipped="0" failures="0">
  <properties>
[...]
</properties>
  <testcase name="generateSecretKey" classname="com.example.microservices_auth.JwtSecretMakerTest" time="0.171">
    <system-out><![CDATA[7F1D8B22BDCEF3AD9EB424B5C3DE25553157AC1F22B59D960412F76874C602D87F7F1D8BE88F6E547632537CCF71EF0AEF457BEBF4DDAD68FF9C82A301B439D7
]]></system-out>
  </testcase>
</testsuite>